This file contains any messages produced by compilers while
running configure, to aid debugging if configure makes a mistake.

It was created by FULL-PACKAGE-NAME configure VERSION, which was
generated by GNU Autoconf 2.61.  Invocation command line was

  $ ./configure 

## --------- ##
## Platform. ##
## --------- ##

hostname = Local-Admins-MacBook-Pro.local
uname -m = i386
uname -r = 10.8.0
uname -s = Darwin
uname -v = Darwin Kernel Version 10.8.0: Tue Jun  7 16:33:36 PDT 2011; root:xnu-1504.15.3~1/RELEASE_I386

/usr/bin/uname -p = i386
/bin/uname -X     = unknown

/bin/arch              = unknown
/usr/bin/arch -k       = unknown
/usr/convex/getsysinfo = unknown
/usr/bin/hostinfo      = Mach kernel version:
	 Darwin Kernel Version 10.8.0: Tue Jun  7 16:33:36 PDT 2011; root:xnu-1504.15.3~1/RELEASE_I386
Kernel configured for up to 2 processors.
2 processors are physically available.
2 processors are logically available.
Processor type: i486 (Intel 80486)
Processors active: 0 1
Primary memory available: 8.00 gigabytes
Default processor set: 177 tasks, 863 threads, 2 processors
Load average: 1.73, Mach factor: 1.42
/bin/machine           = unknown
/usr/bin/oslevel       = unknown
/bin/universe          = unknown

PATH: /Library/Frameworks/Python.framework/Versions/Current/bin
PATH: /Library/Frameworks/Python.framework/Versions/Current/bin
PATH: /Users/ericgallager/bin
PATH: /usr/local/sbin
PATH: /usr/local/bin
PATH: /Developer/usr/bin
PATH: /Library/Frameworks/Python.framework/Versions/2.7/bin
PATH: /usr/bin
PATH: /bin
PATH: /usr/sbin
PATH: /sbin
PATH: /usr/local/bin
PATH: /opt/X11/bin
PATH: /usr/texbin
PATH: /usr/X11/bin
PATH: /opt/local/bin
PATH: /Developer/usr/bin
PATH: /sw/bin
PATH: /sw2/bin
PATH: /opt/local/share/java/android-sdk-macosx/tools
PATH: /opt/local/share/java/android-sdk-macosx/platform-tools
PATH: /opt/local/sbin
PATH: /opt/local/GNUstep/System/Tools
PATH: /sw/sbin
PATH: /sw2/bootstrap/bin
PATH: /sw2/bootstrap/sbin
PATH: /usr/local/sbin
PATH: /Developer/Tools
PATH: /usr/local/tigcc/bin
PATH: /usr/local/texlive/2010basic/bin/universal-darwin
PATH: /usr/local/php5/bin
PATH: /usr/local/mysql-5.5.9-osx10.6-x86_64/bin
PATH: /usr/local/mysql/bin
PATH: /Developer/usr/sbin
PATH: /Developer/usr/local/bin
PATH: /usr/local/heroku/bin
PATH: /usr/local/git/bin
PATH: /usr/local/foreman/bin
PATH: /usr/local/flexnetserver
PATH: /usr/local/clamXav/bin
PATH: /opt/nova/bin
PATH: /opt/local/lib/erlang/bin
PATH: /Users/ericgallager/Downloads/WebKit-r101776/Tools/CygwinDownloader/bin
PATH: /Users/ericgallager/Downloads/nacl_sdk/pepper_15/toolchain/mac_x86_newlib/bin
PATH: /usr/local/ActivePerl-5.14/bin
PATH: /usr/local/PDK/bin
PATH: /opt/local/GNUstep/bin
PATH: /


## ----------- ##
## Core tests. ##
## ----------- ##

configure:1697: checking for gcc
configure:1713: found /usr/local/bin/gcc
configure:1724: result: gcc
configure:1962: checking for C compiler version
configure:1969: gcc --version >&5
i686-apple-darwin10-gcc-4.2.1 (GCC) 4.2.1 (Apple Inc. build 5666) (dot 3)
Copyright (C) 2007 Free Software Foundation, Inc.
This is free software; see the source for copying conditions.  There is NO
warranty; not even for MERCHANTABILITY or FITNESS FOR A PARTICULAR PURPOSE.

configure:1972: $? = 0
configure:1979: gcc -v >&5
Using built-in specs.
Target: i686-apple-darwin10
Configured with: /var/tmp/gcc/gcc-5666.3~6/src/configure --disable-checking --enable-werror --prefix=/usr --mandir=/share/man --enable-languages=c,objc,c++,obj-c++ --program-transform-name=/^[cg][^.-]*$/s/$/-4.2/ --with-slibdir=/usr/lib --build=i686-apple-darwin10 --program-prefix=i686-apple-darwin10- --host=x86_64-apple-darwin10 --target=i686-apple-darwin10 --with-gxx-include-dir=/include/c++/4.2.1
Thread model: posix
gcc version 4.2.1 (Apple Inc. build 5666) (dot 3)
configure:1982: $? = 0
configure:1989: gcc -V >&5
gcc-4.2: argument to `-V' is missing
configure:1992: $? = 1
configure:2015: checking for C compiler default output file name
configure:2042: gcc    conftest.c  >&5
configure:2045: $? = 0
configure:2083: result: a.out
configure:2100: checking whether the C compiler works
configure:2110: ./a.out
configure:2113: $? = 0
configure:2130: result: yes
configure:2137: checking whether we are cross compiling
configure:2139: result: no
configure:2142: checking for suffix of executables
configure:2149: gcc -o conftest    conftest.c  >&5
configure:2152: $? = 0
configure:2176: result: 
configure:2182: checking for suffix of object files
configure:2208: gcc -c   conftest.c >&5
configure:2211: $? = 0
configure:2234: result: o
configure:2238: checking whether we are using the GNU C compiler
configure:2267: gcc -c   conftest.c >&5
configure:2273: $? = 0
configure:2290: result: yes
configure:2295: checking whether gcc accepts -g
configure:2325: gcc -c -g  conftest.c >&5
configure:2331: $? = 0
configure:2430: result: yes
configure:2447: checking for gcc option to accept ISO C89
configure:2521: gcc  -c -g -O2  conftest.c >&5
configure:2527: $? = 0
configure:2550: result: none needed
configure:2677: creating ./config.status

## ---------------------- ##
## Running config.status. ##
## ---------------------- ##

This file was extended by FULL-PACKAGE-NAME config.status VERSION, which was
generated by GNU Autoconf 2.61.  Invocation command line was

  CONFIG_FILES    = 
  CONFIG_HEADERS  = 
  CONFIG_LINKS    = 
  CONFIG_COMMANDS = 
  $ ./config.status 

on Local-Admins-MacBook-Pro.local

config.status:515: creating config.h
config.status:651: config.h is unchanged

## ---------------- ##
## Cache variables. ##
## ---------------- ##

ac_cv_c_compiler_gnu=yes
ac_cv_env_CC_set=
ac_cv_env_CC_value=
ac_cv_env_CFLAGS_set=
ac_cv_env_CFLAGS_value=
ac_cv_env_CPPFLAGS_set=
ac_cv_env_CPPFLAGS_value=
ac_cv_env_LDFLAGS_set=
ac_cv_env_LDFLAGS_value=
ac_cv_env_LIBS_set=
ac_cv_env_LIBS_value=
ac_cv_env_build_alias_set=
ac_cv_env_build_alias_value=
ac_cv_env_host_alias_set=
ac_cv_env_host_alias_value=
ac_cv_env_target_alias_set=
ac_cv_env_target_alias_value=
ac_cv_objext=o
ac_cv_prog_ac_ct_CC=gcc
ac_cv_prog_cc_c89=
ac_cv_prog_cc_g=yes

## ----------------- ##
## Output variables. ##
## ----------------- ##

CC='gcc'
CFLAGS='-g -O2'
CPPFLAGS=''
DEFS='-DHAVE_CONFIG_H'
ECHO_C='ECHO_N=''
ECHO_T=''
EXEEXT=''
LDFLAGS=''
LIBOBJS=''
LIBS=''
LTLIBOBJS=''
OBJEXT='o'
PACKAGE_BUGREPORT='BUG-REPORT-ADDRESS'
PACKAGE_NAME='FULL-PACKAGE-NAME'
PACKAGE_STRING='FULL-PACKAGE-NAME VERSION'
PACKAGE_TARNAME='full-package-name'
PACKAGE_VERSION='VERSION'
PATH_SEPARATOR=':'
SHELL='/bin/sh'
ac_ct_CC='gcc'
bindir='${exec_prefix}/bin'
build_alias=''
datadir='${datarootdir}'
datarootdir='${prefix}/share'
docdir='${datarootdir}/doc/${PACKAGE_TARNAME}'
dvidir='${docdir}'
exec_prefix='${prefix}'
host_alias=''
htmldir='${docdir}'
includedir='${prefix}/include'
infodir='${datarootdir}/info'
libdir='${exec_prefix}/lib'
libexecdir='${exec_prefix}/libexec'
localedir='${datarootdir}/locale'
localstatedir='${prefix}/var'
mandir='${datarootdir}/man'
oldincludedir='/usr/include'
pdfdir='${docdir}'
prefix='/usr/local'
program_transform_name='s,x,x,'
psdir='${docdir}'
sbindir='${exec_prefix}/sbin'
sharedstatedir='${prefix}/com'
sysconfdir='${prefix}/etc'
target_alias=''

## ----------- ##
## confdefs.h. ##
## ----------- ##

#define PACKAGE_NAME "FULL-PACKAGE-NAME"
#define PACKAGE_TARNAME "full-package-name"
#define PACKAGE_VERSION "VERSION"
#define PACKAGE_STRING "FULL-PACKAGE-NAME VERSION"
#define PACKAGE_BUGREPORT "BUG-REPORT-ADDRESS"

configure: exit 0
